<?xml version="1.0" encoding="UTF-8"?>
<!-- Generated by org.testng.reporters.JUnitReportReporter -->
<testsuite skipped="0" hostname="ADLP059" name="Automation.goibibo.Goibibo" tests="1" failures="0" timestamp="2020-08-03T19:38:59 IST" time="108.381" errors="0">
  <testcase name="ticketBook" time="108.381" classname="Automation.goibibo.Goibibo"/>
  <system-out/>
</testsuite> <!-- Automation.goibibo.Goibibo -->
